   Qt/MSBuild: 3.3.1.1
  Reading Qt configuration (C:/Qt/6.7.3/msvc2022_64/bin/qmake)
   Qt: 6.7.3
  uic AssessorForm.ui
  uic ManageAssessor.ui
  uic SLT_Application.ui
  rcc SLT_Application.qrc
  moc SLT_Application.h
  moc AssessorForm.h
  moc ManageAssessor.h
   RCC: Warning: No resources in 'C:\Users\balen\CodeSpace\SLT_Solution\SLT_Application\SLT_Application\SLT_Application.qrc'.
  AssessorForm.cpp
  ManageAssessor.cpp
  SLT_Application.cpp
  main.cpp
C:\Users\balen\CodeSpace\SLT_Solution\SLT_Application\SLT_Application\SLT_Application.cpp(1,1): warning C4828: The file contains a character starting at offset 0x33c that is illegal in the current source character set (codepage 65001).
C:\Qt\6.7.3\msvc2022_64\include\QtGui\qcolor.h(1,1): warning C4828: The file contains a character starting at offset 0x1d41 that is illegal in the current source character set (codepage 65001).
  (compiling source file 'AssessorForm.cpp')
  
C:\Qt\6.7.3\msvc2022_64\include\QtGui\qcolor.h(1,1): warning C4828: The file contains a character starting at offset 0x1d41 that is illegal in the current source character set (codepage 65001).
  (compiling source file 'SLT_Application.cpp')
  
C:\Qt\6.7.3\msvc2022_64\include\QtGui\qcolor.h(1,1): warning C4828: The file contains a character starting at offset 0x1d41 that is illegal in the current source character set (codepage 65001).
  (compiling source file 'ManageAssessor.cpp')
  
C:\Qt\6.7.3\msvc2022_64\include\QtGui\qcolor.h(1,1): warning C4828: The file contains a character starting at offset 0x1d41 that is illegal in the current source character set (codepage 65001).
  (compiling source file 'main.cpp')
  
C:\Users\balen\CodeSpace\SLT_Solution\SLT_Application\SLT_Application\x64\Debug\qt\uic\ui_ManageAssessor.h(24,7): error C2011: 'Ui_Form': 'class' type redefinition
  (compiling source file 'SLT_Application.cpp')
      C:\Users\balen\CodeSpace\SLT_Solution\SLT_Application\SLT_Application\x64\Debug\qt\uic\ui_AssessorForm.h(27,7):
      see declaration of 'Ui_Form'
  
C:\Users\balen\CodeSpace\SLT_Solution\SLT_Application\SLT_Application\x64\Debug\qt\uic\ui_ManageAssessor.h(121,11): error C2011: 'Ui::Form': 'class' type redefinition
  (compiling source file 'SLT_Application.cpp')
      C:\Users\balen\CodeSpace\SLT_Solution\SLT_Application\SLT_Application\x64\Debug\qt\uic\ui_AssessorForm.h(297,11):
      see declaration of 'Ui::Form'
  
C:\Users\balen\CodeSpace\SLT_Solution\SLT_Application\SLT_Application\ManageAssessor.h(18,11): error C2079: 'ManageAssessor::ui' uses undefined class 'Ui::Form'
  (compiling source file 'SLT_Application.cpp')
  
