c:\users\balen\codespace\slt_solution\slt_application\slt_application\x64\debug\vc143.pdb
c:\users\balen\codespace\slt_solution\slt_application\slt_application\x64\debug\vc143.idb
c:\users\balen\codespace\slt_solution\slt_application\slt_application\x64\debug\qrc_slt_application.obj
c:\users\balen\codespace\slt_solution\slt_application\slt_application\x64\debug\assessorform.obj
c:\users\balen\codespace\slt_solution\slt_application\slt_application\x64\debug\main.obj
c:\users\balen\codespace\slt_solution\slt_application\slt_application\x64\debug\slt_application.obj
c:\users\balen\codespace\slt_solution\slt_application\slt_application\x64\debug\manageassessor.obj
c:\users\balen\codespace\slt_solution\slt_application\slt_application\x64\debug\moc_manageassessor.obj
c:\users\balen\codespace\slt_solution\slt_application\slt_application\x64\debug\moc_assessorform.obj
c:\users\balen\codespace\slt_solution\slt_application\slt_application\x64\debug\moc_slt_application.obj
c:\users\balen\codespace\slt_solution\slt_application\x64\debug\slt_application.exe
c:\users\balen\codespace\slt_solution\slt_application\x64\debug\slt_application.pdb
c:\users\balen\codespace\slt_solution\slt_application\slt_application\x64\debug\qt\moc\moc_slt_application.cpp
c:\users\balen\codespace\slt_solution\slt_application\slt_application\x64\debug\qt\moc\moc_assessorform.cpp
c:\users\balen\codespace\slt_solution\slt_application\slt_application\x64\debug\qt\moc\moc_manageassessor.cpp
c:\users\balen\codespace\slt_solution\slt_application\slt_application\x64\debug\slt_application.res
c:\users\balen\codespace\slt_solution\slt_application\slt_application\x64\debug\qt\rcc\qrc_slt_application.cpp
c:\users\balen\codespace\slt_solution\slt_application\slt_application\x64\debug\qt\uic\ui_assessorform.h
c:\users\balen\codespace\slt_solution\slt_application\slt_application\x64\debug\qt\uic\ui_manageassessor.h
c:\users\balen\codespace\slt_solution\slt_application\slt_application\x64\debug\qt\uic\ui_slt_application.h
c:\users\balen\codespace\slt_solution\slt_application\slt_application\x64\debug\slt_application.ilk
c:\users\balen\codespace\slt_solution\slt_application\slt_application\x64\debug\slt_application.tlog\cl.command.1.tlog
c:\users\balen\codespace\slt_solution\slt_application\slt_application\x64\debug\slt_application.tlog\cl.items.tlog
c:\users\balen\codespace\slt_solution\slt_application\slt_application\x64\debug\slt_application.tlog\cl.read.1.tlog
c:\users\balen\codespace\slt_solution\slt_application\slt_application\x64\debug\slt_application.tlog\cl.write.1.tlog
c:\users\balen\codespace\slt_solution\slt_application\slt_application\x64\debug\slt_application.tlog\link.command.1.tlog
c:\users\balen\codespace\slt_solution\slt_application\slt_application\x64\debug\slt_application.tlog\link.read.1.tlog
c:\users\balen\codespace\slt_solution\slt_application\slt_application\x64\debug\slt_application.tlog\link.secondary.1.tlog
c:\users\balen\codespace\slt_solution\slt_application\slt_application\x64\debug\slt_application.tlog\link.write.1.tlog
c:\users\balen\codespace\slt_solution\slt_application\slt_application\x64\debug\slt_application.tlog\moc.read.1u.tlog
c:\users\balen\codespace\slt_solution\slt_application\slt_application\x64\debug\slt_application.tlog\moc.write.1u.tlog
c:\users\balen\codespace\slt_solution\slt_application\slt_application\x64\debug\slt_application.tlog\rc.command.1.tlog
c:\users\balen\codespace\slt_solution\slt_application\slt_application\x64\debug\slt_application.tlog\rc.read.1.tlog
c:\users\balen\codespace\slt_solution\slt_application\slt_application\x64\debug\slt_application.tlog\rc.write.1.tlog
c:\users\balen\codespace\slt_solution\slt_application\slt_application\x64\debug\slt_application.tlog\rcc.read.1u.tlog
c:\users\balen\codespace\slt_solution\slt_application\slt_application\x64\debug\slt_application.tlog\rcc.write.1u.tlog
c:\users\balen\codespace\slt_solution\slt_application\slt_application\x64\debug\slt_application.tlog\slt_application.write.1u.tlog
c:\users\balen\codespace\slt_solution\slt_application\slt_application\x64\debug\slt_application.tlog\uic.read.1u.tlog
c:\users\balen\codespace\slt_solution\slt_application\slt_application\x64\debug\slt_application.tlog\uic.write.1u.tlog
